Arguments: 
  /usr/local/bin/node /Users/Me/.yarn/bin/yarn.js global

PATH: 
  /Users/Me/.yarn/bin:/Users/Me/.config/yarn/global/node_modules/.bin:./node_modules/.bin:/usr/local/bin:/usr/bin:/bin:/usr/sbin:/sbin

Yarn version: 
  1.5.1

Node version: 
  8.10.0

Platform: 
  darwin x64

npm manifest: 
  No manifest

yarn manifest: 
  No manifest

Lockfile: 
  No lockfile

Trace: 
  Error: Invalid subcommand. Try "add, bin, dir, ls, list, remove, upgrade, upgrade-interactive"
      at new MessageError (/Users/Me/.yarn/lib/cli.js:186:110)
      at Object.<anonymous> (/Users/Me/.yarn/lib/cli.js:30362:59)
      at Generator.next (<anonymous>)
      at step (/Users/Me/.yarn/lib/cli.js:98:30)
      at /Users/Me/.yarn/lib/cli.js:116:14
      at new Promise (<anonymous>)
      at new F (/Users/Me/.yarn/lib/cli.js:23451:28)
      at Object.<anonymous> (/Users/Me/.yarn/lib/cli.js:95:12)
      at Object.run (/Users/Me/.yarn/lib/cli.js:30366:19)
      at run (/Users/Me/.yarn/lib/cli.js:89113:20)
